<?xml version='1.0' encoding='UTF-8'?>
<testsuite hostname="DESKTOP-QPK982V" name="Mux5Test" tests="1" errors="0" failures="1" skipped="0" time="2.369" timestamp="2025-08-04T17:54:39">
          <properties>
      <property name="java.specification.version" value="24"/><property name="sun.cpu.isalist" value="amd64"/><property name="sun.jnu.encoding" value="Cp1252"/><property name="java.class.path" value="C:\Users\Alex\AppData\Roaming\JetBrains\IntelliJIdea2023.3\plugins\Scala\launcher\sbt-launch.jar"/><property name="java.vm.vendor" value="Amazon.com Inc."/><property name="sun.arch.data.model" value="64"/><property name="user.variant" value=""/><property name="sbt.supershell" value="false"/><property name="jline.shutdownhook" value="false"/><property name="java.vendor.url" value="https://aws.amazon.com/corretto/"/><property name="user.timezone" value="Europe/Bucharest"/><property name="java.vm.specification.version" value="24"/><property name="os.name" value="Windows 10"/><property name="sun.java.launcher" value="SUN_STANDARD"/><property name="user.country" value="US"/><property name="sun.boot.library.path" value="D:\jdks\bin"/><property name="sun.java.command" value="C:\Users\Alex\AppData\Roaming\JetBrains\IntelliJIdea2023.3\plugins\Scala\launcher\sbt-launch.jar early(addPluginSbtFile=&quot;&quot;&quot;C:\Users\Alex\AppData\Local\Temp\idea1.sbt&quot;&quot;&quot;) ; set ideaPort in Global := 51837 ; idea-shell"/><property name="jdk.debug" value="release"/><property name="sun.cpu.endian" value="little"/><property name="user.home" value="C:\Users\Alex"/><property name="user.language" value="en"/><property name="sun.stderr.encoding" value="windows-1252"/><property name="java.specification.vendor" value="Oracle Corporation"/><property name="sbt.ipcsocket.tmpdir" value="C:\Users\Alex\AppData\Local\Temp\.sbt71fac1c1\ipcsocket"/><property name="swoval.tmpdir" value="C:\Users\Alex\AppData\Local\Temp\.sbt71fac1c1\swoval"/><property name="java.version.date" value="2025-07-15"/><property name="java.home" value="D:\jdks"/><property name="file.separator" value="\"/><property name="java.vm.compressedOopsMode" value="32-bit"/><property name="sun.stdout.encoding" value="windows-1252"/><property name="line.separator" value="
"/><property name="java.vm.specification.vendor" value="Oracle Corporation"/><property name="java.specification.name" value="Java Platform API Specification"/><property name="idea.installation.dir" value="D:\Intellij\IntelliJ IDEA 2023.3.3"/><property name="user.script" value=""/><property name="jline.esc.timeout" value="0"/><property name="sun.management.compiler" value="HotSpot 64-Bit Tiered Compilers"/><property name="java.runtime.version" value="24.0.2+12-FR"/><property name="user.name" value="Alex"/><property name="stdout.encoding" value="windows-1252"/><property name="path.separator" value=";"/><property name="os.version" value="10.0"/><property name="jna.nosys" value="true"/><property name="java.runtime.name" value="OpenJDK Runtime Environment"/><property name="sbt.log.noformat" value="true"/><property name="log4j.ignoreTCL" value="true"/><property name="file.encoding" value="UTF-8"/><property name="jnidispatch.path" value="C:\Users\Alex\AppData\Local\Temp\jna-2043454\jna10906305382526639490.dll"/><property name="java.vm.name" value="OpenJDK 64-Bit Server VM"/><property name="java.vendor.version" value="Corretto-24.0.2.12.1"/><property name="jna.loaded" value="true"/><property name="java.vendor.url.bug" value="https://github.com/corretto/corretto-24/issues/"/><property name="java.io.tmpdir" value="C:\Users\Alex\AppData\Local\Temp\"/><property name="java.version" value="24.0.2"/><property name="user.dir" value="D:\Scoala de vara\Chisel\chisel-lab-master\lab4"/><property name="os.arch" value="amd64"/><property name="java.vm.specification.name" value="Java Virtual Machine Specification"/><property name="sun.os.patch.level" value=""/><property name="idea.managed" value="true"/><property name="native.encoding" value="Cp1252"/><property name="java.library.path" value="D:\jdks\bin;C:\Windows\Sun\Java\bin;C:\Windows\system32;C:\Windows;D:\Oracle_DB\bin;D:\downloads\WINDOWS.X64_193000_db_home\bin;C:\Program Files\Common Files\Oracle\Java\javapath;C:\Program Files (x86)\Common Files\Oracle\Java\java8path;C:\Program Files (x86)\Common Files\Oracle\Java\javapath;D:\VMWare\bin\;C:\Windows\system32;C:\Windows;C:\Windows\System32\Wbem;C:\Windows\System32\WindowsPowerShell\v1.0\;C:\Windows\System32\OpenSSH\;C:\Program Files (x86)\NVIDIA Corporation\PhysX\Common;C:\Program Files\dotnet\;C:\Program Files\NVIDIA Corporation\NVIDIA NvDLISR;C:\Program Files\Microsoft SQL Server\150\Tools\Binn\;D:\CMake\bin;D:\Pandoc\;D:\sbt\bin;D:\Python3\Scripts\;D:\Python3\;C:\Users\Alex\AppData\Local\Programs\Python\Launcher\;C:\Users\Alex\scoop\shims;C:\Users\Alex\AppData\Local\Microsoft\WindowsApps;C:\Users\Alex\AppData\Local\Coursier\cache\arc\https\github.com\adoptium\temurin11-binaries\releases\download\jdk-11.0.22%252B7\OpenJDK11U-jdk_x64_windows_hotspot_11.0.22_7.zip\jdk-11.0.22+7\bin;C:\Users\Alex\AppData\Local\Coursier\data\bin;C:\Users\Alex\AppData\Local\Programs\oh-my-posh\bin;D:\JAVAC\bin;D:\Microsoft VS Code\bin;D:\msys2\ucrt64\bin;C:\Program Files (x86)\GnuWin32\bin;D:\Python3\Lib\site-packages\graphviz\;;."/><property name="java.vm.info" value="mixed mode, sharing"/><property name="stderr.encoding" value="windows-1252"/><property name="java.vendor" value="Amazon.com Inc."/><property name="java.vm.version" value="24.0.2+12-FR"/><property name="sun.io.unicode.encoding" value="UnicodeLittle"/><property name="java.class.version" value="68.0"/>
    </properties>
          <testcase classname="Mux5Test" name="Mux5 should pass" time="2.369">
                      <failure message="None.get" type="java.util.NoSuchElementException">java.util.NoSuchElementException: None.get
	at scala.None$.get(Option.scala:627)
	at scala.None$.get(Option.scala:626)
	at chisel3.Data.litValue(Data.scala:756)
	at chiseltest.package$testableUInt.expect(package.scala:63)
	at Mux5Test.$anonfun$new$3(Mux5Test.scala:16)
	at Mux5Test.$anonfun$new$3$adapted(Mux5Test.scala:7)
	at chiseltest.internal.GenericBackend.$anonfun$run$1(GenericBackend.scala:170)
	at chiseltest.internal.ThreadedBackend$TesterThread$$anon$1.$anonfun$run$1(ThreadedBackend.scala:495)
	at chiseltest.internal.GenericBackend.doTimescope(GenericBackend.scala:104)
	at chiseltest.internal.ThreadedBackend$TesterThread$$anon$1.run(ThreadedBackend.scala:495)
	at java.base/java.lang.Thread.run(Thread.java:1447)
</failure>
                    </testcase>
          <system-out><![CDATA[]]></system-out>
          <system-err><![CDATA[]]></system-err>
        </testsuite>